-------------------------------------------------------------------------------
Test set: com.mycompany.test.LoginTest
-------------------------------------------------------------------------------
Tests run: 1, Failures: 1, Errors: 0, Skipped: 0, Time elapsed: 0.080 s <<< FAILURE! -- in com.mycompany.test.LoginTest
com.mycompany.test.LoginTest.testRegisterUser -- Time elapsed: 0.039 s <<< FAILURE!
org.opentest4j.AssertionFailedError: expected: <Username, password, and cell phone number successfully captured.> but was: <Username is not correctly formatted; please ensure that your username contains an underscore and is no more than five characters in length.>
	at org.junit.jupiter.api.AssertionFailureBuilder.build(AssertionFailureBuilder.java:151)
	at org.junit.jupiter.api.AssertionFailureBuilder.buildAndThrow(AssertionFailureBuilder.java:132)
	at org.junit.jupiter.api.AssertEquals.failNotEqual(AssertEquals.java:197)
	at org.junit.jupiter.api.AssertEquals.assertEquals(AssertEquals.java:182)
	at org.junit.jupiter.api.AssertEquals.assertEquals(AssertEquals.java:177)
	at org.junit.jupiter.api.Assertions.assertEquals(Assertions.java:1145)
	at com.mycompany.test.LoginTest.testRegisterUser(LoginTest.java:79)
	at java.base/java.lang.reflect.Method.invoke(Method.java:565)
	at java.base/java.util.ArrayList.forEach(ArrayList.java:1604)
	at java.base/java.util.ArrayList.forEach(ArrayList.java:1604)

